-- The C compiler identification is GNU 9.4.0
-- The CXX compiler identification is GNU 9.4.0
-- Check for working C compiler: /usr/bin/cc
-- Check for working C compiler: /usr/bin/cc -- works
-- Detecting C compiler ABI info
-- Detecting C compiler ABI info - done
-- Detecting C compile features
-- Detecting C compile features - done
-- Check for working CXX compiler: /usr/bin/c++
-- Check for working CXX compiler: /usr/bin/c++ -- works
-- Detecting CXX compiler ABI info
-- Detecting CXX compiler ABI info - done
-- Detecting CXX compile features
-- Detecting CXX compile features - done
-- Found ament_cmake: 1.3.4 (/root/ros2_humble/install/ament_cmake/share/ament_cmake/cmake)
-- Found Python3: /usr/bin/python3.8 (found version "3.8.10") found components: Interpreter 
-- Found ament_lint_auto: 0.12.6 (/root/ros2_humble/install/ament_lint_auto/share/ament_lint_auto/cmake)
-- Configuring done
-- Generating done
-- Build files have been written to: /root/colcon_ws/build/xacro
[35m[1mScanning dependencies of target ament_cmake_python_copy_xacro[0m
[35m[1mScanning dependencies of target ament_cmake_python_copy_xacro_setup[0m
Built target ament_cmake_python_copy_xacro_setup
Built target ament_cmake_python_copy_xacro
[35m[1mScanning dependencies of target ament_cmake_python_build_xacro_scripts[0m
[35m[1mScanning dependencies of target ament_cmake_python_build_xacro_egg[0m
running install_scripts
running egg_info
creating xacro.egg-info
writing xacro.egg-info/PKG-INFO
writing dependency_links to xacro.egg-info/dependency_links.txt
writing entry points to xacro.egg-info/entry_points.txt
writing top-level names to xacro.egg-info/top_level.txt
writing manifest file 'xacro.egg-info/SOURCES.txt'
running egg_info
writing xacro.egg-info/PKG-INFO
writing dependency_links to xacro.egg-info/dependency_links.txt
writing entry points to xacro.egg-info/entry_points.txt
writing top-level names to xacro.egg-info/top_level.txt
reading manifest file 'xacro.egg-info/SOURCES.txt'
writing manifest file 'xacro.egg-info/SOURCES.txt'
reading manifest file 'xacro.egg-info/SOURCES.txt'
writing manifest file 'xacro.egg-info/SOURCES.txt'
Installing xacro script to scripts
Built target ament_cmake_python_build_xacro_egg
Built target ament_cmake_python_build_xacro_scripts
-- Install configuration: ""
-- Installing: /root/colcon_ws/install/xacro/share/xacro/environment/completion.bash
-- Installing: /root/colcon_ws/install/xacro/share/xacro/environment/pythonpath.sh
-- Installing: /root/colcon_ws/install/xacro/share/xacro/environment/pythonpath.dsv
-- Installing: /root/colcon_ws/install/xacro/lib/python3.8/site-packages/xacro-2.0.9-py3.8.egg-info
-- Installing: /root/colcon_ws/install/xacro/lib/python3.8/site-packages/xacro-2.0.9-py3.8.egg-info/dependency_links.txt
-- Installing: /root/colcon_ws/install/xacro/lib/python3.8/site-packages/xacro-2.0.9-py3.8.egg-info/SOURCES.txt
-- Installing: /root/colcon_ws/install/xacro/lib/python3.8/site-packages/xacro-2.0.9-py3.8.egg-info/entry_points.txt
-- Installing: /root/colcon_ws/install/xacro/lib/python3.8/site-packages/xacro-2.0.9-py3.8.egg-info/top_level.txt
-- Installing: /root/colcon_ws/install/xacro/lib/python3.8/site-packages/xacro-2.0.9-py3.8.egg-info/PKG-INFO
-- Installing: /root/colcon_ws/install/xacro/lib/xacro/
-- Installing: /root/colcon_ws/install/xacro/lib/xacro//xacro
-- Installing: /root/colcon_ws/install/xacro/lib/python3.8/site-packages/xacro
-- Installing: /root/colcon_ws/install/xacro/lib/python3.8/site-packages/xacro/color.py
-- Installing: /root/colcon_ws/install/xacro/lib/python3.8/site-packages/xacro/xmlutils.py
-- Installing: /root/colcon_ws/install/xacro/lib/python3.8/site-packages/xacro/__init__.py
-- Installing: /root/colcon_ws/install/xacro/lib/python3.8/site-packages/xacro/substitution_args.py
-- Installing: /root/colcon_ws/install/xacro/lib/python3.8/site-packages/xacro/cli.py
Listing '/root/colcon_ws/install/xacro/lib/python3.8/site-packages/xacro'...
Compiling '/root/colcon_ws/install/xacro/lib/python3.8/site-packages/xacro/__init__.py'...
Compiling '/root/colcon_ws/install/xacro/lib/python3.8/site-packages/xacro/cli.py'...
Compiling '/root/colcon_ws/install/xacro/lib/python3.8/site-packages/xacro/color.py'...
Compiling '/root/colcon_ws/install/xacro/lib/python3.8/site-packages/xacro/substitution_args.py'...
Compiling '/root/colcon_ws/install/xacro/lib/python3.8/site-packages/xacro/xmlutils.py'...
-- Installing: /root/colcon_ws/install/xacro/bin/
-- Installing: /root/colcon_ws/install/xacro/bin//xacro
-- Installing: /root/colcon_ws/install/xacro/share/ament_index/resource_index/package_run_dependencies/xacro
-- Installing: /root/colcon_ws/install/xacro/share/ament_index/resource_index/parent_prefix_path/xacro
-- Installing: /root/colcon_ws/install/xacro/share/xacro/environment/ament_prefix_path.sh
-- Installing: /root/colcon_ws/install/xacro/share/xacro/environment/ament_prefix_path.dsv
-- Installing: /root/colcon_ws/install/xacro/share/xacro/environment/path.sh
-- Installing: /root/colcon_ws/install/xacro/share/xacro/environment/path.dsv
-- Installing: /root/colcon_ws/install/xacro/share/xacro/local_setup.bash
-- Installing: /root/colcon_ws/install/xacro/share/xacro/local_setup.sh
-- Installing: /root/colcon_ws/install/xacro/share/xacro/local_setup.zsh
-- Installing: /root/colcon_ws/install/xacro/share/xacro/local_setup.dsv
-- Installing: /root/colcon_ws/install/xacro/share/xacro/package.dsv
-- Installing: /root/colcon_ws/install/xacro/share/ament_index/resource_index/packages/xacro
-- Installing: /root/colcon_ws/install/xacro/share/xacro/cmake/xacro-extras.cmake
-- Installing: /root/colcon_ws/install/xacro/share/xacro/cmake/xacroConfig.cmake
-- Installing: /root/colcon_ws/install/xacro/share/xacro/cmake/xacroConfig-version.cmake
-- Installing: /root/colcon_ws/install/xacro/share/xacro/package.xml
