-- Found ament_cmake: 1.3.4 (/root/ros2_humble/install/ament_cmake/share/ament_cmake/cmake)
-- Found ament_lint_auto: 0.12.6 (/root/ros2_humble/install/ament_lint_auto/share/ament_lint_auto/cmake)
-- Configuring done
-- Generating done
-- Build files have been written to: /root/colcon_ws/build/xacro
Built target ament_cmake_python_copy_xacro_setup
Built target ament_cmake_python_copy_xacro
running install_scripts
running egg_info
writing xacro.egg-info/PKG-INFO
writing dependency_links to xacro.egg-info/dependency_links.txt
writing entry points to xacro.egg-info/entry_points.txt
writing top-level names to xacro.egg-info/top_level.txt
running egg_info
writing xacro.egg-info/PKG-INFO
writing dependency_links to xacro.egg-info/dependency_links.txt
writing entry points to xacro.egg-info/entry_points.txt
writing top-level names to xacro.egg-info/top_level.txt
reading manifest file 'xacro.egg-info/SOURCES.txt'
writing manifest file 'xacro.egg-info/SOURCES.txt'
reading manifest file 'xacro.egg-info/SOURCES.txt'
writing manifest file 'xacro.egg-info/SOURCES.txt'
Installing xacro script to scripts
Built target ament_cmake_python_build_xacro_egg
Built target ament_cmake_python_build_xacro_scripts
-- Install configuration: ""
-- Installing: /root/colcon_ws/install/xacro/share/xacro/environment/completion.bash
-- Up-to-date: /root/colcon_ws/install/xacro/share/xacro/environment/pythonpath.sh
-- Installing: /root/colcon_ws/install/xacro/share/xacro/environment/pythonpath.dsv
-- Up-to-date: /root/colcon_ws/install/xacro/lib/python3.8/site-packages/xacro-2.0.9-py3.8.egg-info
-- Installing: /root/colcon_ws/install/xacro/lib/python3.8/site-packages/xacro-2.0.9-py3.8.egg-info/dependency_links.txt
-- Installing: /root/colcon_ws/install/xacro/lib/python3.8/site-packages/xacro-2.0.9-py3.8.egg-info/SOURCES.txt
-- Installing: /root/colcon_ws/install/xacro/lib/python3.8/site-packages/xacro-2.0.9-py3.8.egg-info/entry_points.txt
-- Installing: /root/colcon_ws/install/xacro/lib/python3.8/site-packages/xacro-2.0.9-py3.8.egg-info/top_level.txt
-- Installing: /root/colcon_ws/install/xacro/lib/python3.8/site-packages/xacro-2.0.9-py3.8.egg-info/PKG-INFO
-- Up-to-date: /root/colcon_ws/install/xacro/lib/xacro/
-- Installing: /root/colcon_ws/install/xacro/lib/xacro//xacro
-- Up-to-date: /root/colcon_ws/install/xacro/lib/python3.8/site-packages/xacro
-- Installing: /root/colcon_ws/install/xacro/lib/python3.8/site-packages/xacro/color.py
-- Installing: /root/colcon_ws/install/xacro/lib/python3.8/site-packages/xacro/xmlutils.py
-- Installing: /root/colcon_ws/install/xacro/lib/python3.8/site-packages/xacro/__init__.py
-- Installing: /root/colcon_ws/install/xacro/lib/python3.8/site-packages/xacro/substitution_args.py
-- Installing: /root/colcon_ws/install/xacro/lib/python3.8/site-packages/xacro/cli.py
Listing '/root/colcon_ws/install/xacro/lib/python3.8/site-packages/xacro'...
Compiling '/root/colcon_ws/install/xacro/lib/python3.8/site-packages/xacro/__init__.py'...
Compiling '/root/colcon_ws/install/xacro/lib/python3.8/site-packages/xacro/cli.py'...
Compiling '/root/colcon_ws/install/xacro/lib/python3.8/site-packages/xacro/color.py'...
Compiling '/root/colcon_ws/install/xacro/lib/python3.8/site-packages/xacro/substitution_args.py'...
Compiling '/root/colcon_ws/install/xacro/lib/python3.8/site-packages/xacro/xmlutils.py'...
-- Up-to-date: /root/colcon_ws/install/xacro/bin/
-- Installing: /root/colcon_ws/install/xacro/bin//xacro
-- Up-to-date: /root/colcon_ws/install/xacro/share/ament_index/resource_index/package_run_dependencies/xacro
-- Installing: /root/colcon_ws/install/xacro/share/ament_index/resource_index/parent_prefix_path/xacro
-- Installing: /root/colcon_ws/install/xacro/share/xacro/environment/ament_prefix_path.dsv
-- Installing: /root/colcon_ws/install/xacro/share/xacro/environment/path.dsv
-- Up-to-date: /root/colcon_ws/install/xacro/share/xacro/local_setup.bash
-- Up-to-date: /root/colcon_ws/install/xacro/share/xacro/local_setup.sh
-- Up-to-date: /root/colcon_ws/install/xacro/share/xacro/local_setup.zsh
-- Installing: /root/colcon_ws/install/xacro/share/xacro/local_setup.dsv
-- Installing: /root/colcon_ws/install/xacro/share/xacro/package.dsv
-- Up-to-date: /root/colcon_ws/install/xacro/share/ament_index/resource_index/packages/xacro
-- Installing: /root/colcon_ws/install/xacro/share/xacro/cmake/xacro-extras.cmake
-- Up-to-date: /root/colcon_ws/install/xacro/share/xacro/cmake/xacroConfig.cmake
-- Up-to-date: /root/colcon_ws/install/xacro/share/xacro/cmake/xacroConfig-version.cmake
-- Installing: /root/colcon_ws/install/xacro/share/xacro/package.xml
