[0.045s] Invoking command in '/root/colcon_ws/build/velocity_pub': CMAKE_PREFIX_PATH=${CMAKE_PREFIX_PATH}:/root/ros2_humble/install/rqt_bag_plugins:/root/ros2_humble/install/rqt_bag:/root/ros2_humble/install/ros2bag:/root/ros2_humble/install/tracetools_test:/root/ros2_humble/install/tracetools_launch:/root/ros2_humble/install/topic_monitor:/root/ros2_humble/install/tf2_tools:/root/ros2_humble/install/examples_tf2_py:/root/ros2_humble/install/tf2_ros_py:/root/ros2_humble/install/sros2:/root/ros2_humble/install/rqt_topic:/root/ros2_humble/install/rqt_srv:/root/ros2_humble/install/rqt_shell:/root/ros2_humble/install/rqt_service_caller:/root/ros2_humble/install/rqt_reconfigure:/root/ros2_humble/install/rqt_py_console:/root/ros2_humble/install/rqt_publisher:/root/ros2_humble/install/rqt_plot:/root/ros2_humble/install/rqt_action:/root/ros2_humble/install/rqt_msg:/root/ros2_humble/install/rqt_console:/root/ros2_humble/install/rqt:/root/ros2_humble/install/rqt_graph:/root/ros2_humble/install/rqt_gui_py:/root/ros2_humble/install/rqt_gui:/root/ros2_humble/install/ros2trace:/root/ros2_humble/install/ros2topic:/root/ros2_humble/install/ros2test:/root/ros2_humble/install/ros2component:/root/ros2_humble/install/ros2param:/root/ros2_humble/install/ros2lifecycle:/root/ros2_humble/install/ros2service:/root/ros2_humble/install/ros2run:/root/ros2_humble/install/ros2launch:/root/ros2_humble/install/ros2pkg:/root/ros2_humble/install/ros2node:/root/ros2_humble/install/ros2multicast:/root/ros2_humble/install/ros2interface:/root/ros2_humble/install/ros2doctor:/root/ros2_humble/install/ros2action:/root/ros2_humble/install/ros2cli:/root/ros2_humble/install/quality_of_service_demo_py:/root/ros2_humble/install/lifecycle_py:/root/ros2_humble/install/launch_testing_ros:/root/ros2_humble/install/launch_ros:/root/ros2_humble/install/examples_rclpy_pointcloud_publisher:/root/ros2_humble/install/examples_rclpy_minimal_subscriber:/root/ros2_humble/install/examples_rclpy_minimal_service:/root/ros2_humble/install/examples_rclpy_minimal_publisher:/root/ros2_humble/install/examples_rclpy_minimal_client:/root/ros2_humble/install/examples_rclpy_minimal_action_server:/root/ros2_humble/install/examples_rclpy_minimal_action_client:/root/ros2_humble/install/examples_rclpy_guard_conditions:/root/ros2_humble/install/examples_rclpy_executors:/root/ros2_humble/install/demo_nodes_py:/root/ros2_humble/install/action_tutorials_py:/root/ros2_humble/install/ament_uncrustify:/root/ros2_humble/install/tracetools_trace:/root/ros2_humble/install/tracetools_read:/root/ros2_humble/install/test_tracetools_launch:/root/ros2_humble/install/test_launch_ros:/root/ros2_humble/install/sensor_msgs_py:/root/ros2_humble/install/rpyutils:/root/ros2_humble/install/rosidl_runtime_py:/root/ros2_humble/install/rosidl_cli:/root/ros2_humble/install/launch_pytest:/root/ros2_humble/install/launch_testing:/root/ros2_humble/install/launch_yaml:/root/ros2_humble/install/launch_xml:/root/ros2_humble/install/launch:/root/ros2_humble/install/osrf_pycommon:/root/ros2_humble/install/launch_testing_examples:/root/ros2_humble/install/domain_coordinator:/root/ros2_humble/install/ament_xmllint:/root/ros2_humble/install/ament_pyflakes:/root/ros2_humble/install/ament_pycodestyle:/root/ros2_humble/install/ament_pep257:/root/ros2_humble/install/ament_pclint:/root/ros2_humble/install/ament_package:/root/ros2_humble/install/ament_mypy:/root/ros2_humble/install/ament_lint_cmake:/root/ros2_humble/install/ament_flake8:/root/ros2_humble/install/ament_copyright:/root/ros2_humble/install/ament_lint:/root/ros2_humble/install/ament_index_python:/root/ros2_humble/install/ament_cpplint:/root/ros2_humble/install/ament_cppcheck:/root/ros2_humble/install/ament_clang_tidy:/root/ros2_humble/install/ament_clang_format /usr/bin/cmake /root/colcon_ws/src/velocity_pub -DCMAKE_INSTALL_PREFIX=/root/colcon_ws/install/velocity_pub
[0.134s] -- The C compiler identification is GNU 9.4.0
[0.236s] -- The CXX compiler identification is GNU 9.4.0
[0.251s] -- Check for working C compiler: /usr/bin/cc
[0.376s] -- Check for working C compiler: /usr/bin/cc -- works
[0.378s] -- Detecting C compiler ABI info
[0.502s] -- Detecting C compiler ABI info - done
[0.513s] -- Detecting C compile features
[0.514s] -- Detecting C compile features - done
[0.515s] -- Check for working CXX compiler: /usr/bin/c++
[0.647s] -- Check for working CXX compiler: /usr/bin/c++ -- works
[0.649s] -- Detecting CXX compiler ABI info
[0.777s] -- Detecting CXX compiler ABI info - done
[0.786s] -- Detecting CXX compile features
[0.787s] -- Detecting CXX compile features - done
[0.804s] -- Found ament_cmake: 1.3.4 (/root/ros2_humble/install/ament_cmake/share/ament_cmake/cmake)
[3.664s] -- Found Python3: /usr/bin/python3.8 (found version "3.8.10") found components: Interpreter 
[4.445s] -- Found rclcpp: 16.0.4 (/root/ros2_humble/install/rclcpp/share/rclcpp/cmake)
[4.598s] -- Found rosidl_generator_c: 3.1.4 (/root/ros2_humble/install/rosidl_generator_c/share/rosidl_generator_c/cmake)
[4.619s] -- Found rosidl_adapter: 3.1.4 (/root/ros2_humble/install/rosidl_adapter/share/rosidl_adapter/cmake)
[4.644s] -- Found rosidl_generator_cpp: 3.1.4 (/root/ros2_humble/install/rosidl_generator_cpp/share/rosidl_generator_cpp/cmake)
[4.697s] -- Using all available rosidl_typesupport_c: rosidl_typesupport_introspection_c;rosidl_typesupport_fastrtps_c
[4.761s] -- Using all available rosidl_typesupport_cpp: rosidl_typesupport_introspection_cpp;rosidl_typesupport_fastrtps_cpp
[4.926s] -- Found rmw_implementation_cmake: 6.1.1 (/root/ros2_humble/install/rmw_implementation_cmake/share/rmw_implementation_cmake/cmake)
[4.955s] -- Found rmw_fastrtps_cpp: 6.2.2 (/root/ros2_humble/install/rmw_fastrtps_cpp/share/rmw_fastrtps_cpp/cmake)
[5.240s] -- Found OpenSSL: /usr/lib/x86_64-linux-gnu/libcrypto.so (found version "1.1.1f")  
[5.300s] -- Found FastRTPS: /root/ros2_humble/install/fastrtps/include  
[5.413s] -- Using RMW implementation 'rmw_fastrtps_cpp' as default
[5.452s] -- Looking for pthread.h
[5.572s] -- Looking for pthread.h - found
[5.572s] -- Performing Test CMAKE_HAVE_LIBC_PTHREAD
[5.695s] -- Performing Test CMAKE_HAVE_LIBC_PTHREAD - Failed
[5.696s] -- Looking for pthread_create in pthreads
[5.804s] -- Looking for pthread_create in pthreads - not found
[5.805s] -- Looking for pthread_create in pthread
[5.922s] -- Looking for pthread_create in pthread - found
[5.923s] -- Found Threads: TRUE  
[6.105s] -- Found geometry_msgs: 4.2.3 (/root/ros2_humble/install/geometry_msgs/share/geometry_msgs/cmake)
[6.180s] -- Found ament_lint_auto: 0.12.6 (/root/ros2_humble/install/ament_lint_auto/share/ament_lint_auto/cmake)
[6.749s] -- Added test 'copyright' to check source files copyright and LICENSE
[6.754s] -- Added test 'cppcheck' to perform static code analysis on C / C++ code
[6.754s] -- Configured cppcheck include dirs: 
[6.754s] -- Configured cppcheck exclude dirs and/or files: 
[6.757s] -- Added test 'cpplint' to check C / C++ code against the Google style
[6.757s] -- Configured cpplint exclude dirs and/or files: 
[6.761s] -- Added test 'lint_cmake' to check CMake code style
[6.765s] -- Added test 'uncrustify' to check C / C++ code style
[6.765s] -- Configured uncrustify additional arguments: 
[6.768s] -- Added test 'xmllint' to check XML markup files
[6.777s] -- Configuring done
[6.788s] -- Generating done
[6.789s] -- Build files have been written to: /root/colcon_ws/build/velocity_pub
