[0.479s] DEBUG:colcon:Command line arguments: ['/usr/bin/colcon', 'build']
[0.479s] DEBUG:colcon:Parsed command line arguments: Namespace(ament_cmake_args=None, base_paths=['.'], build_base='build', catkin_cmake_args=None, catkin_skip_building_tests=False, cmake_args=None, cmake_clean_cache=False, cmake_clean_first=False, cmake_force_configure=False, cmake_target=None, cmake_target_skip_unavailable=False, continue_on_error=False, event_handlers=None, executor='parallel', ignore_user_meta=False, install_base='install', log_base=None, log_level=None, main=<bound method BuildVerb.main of <colcon_core.verb.build.BuildVerb object at 0x7f61ece68400>>, merge_install=False, metas=['./colcon.meta'], packages_above=None, packages_above_and_dependencies=None, packages_above_depth=None, packages_end=None, packages_ignore=None, packages_ignore_regex=None, packages_select=None, packages_select_build_failed=False, packages_select_by_dep=None, packages_select_regex=None, packages_select_test_failures=False, packages_skip=None, packages_skip_build_finished=False, packages_skip_by_dep=None, packages_skip_regex=None, packages_skip_test_passed=False, packages_skip_up_to=None, packages_start=None, packages_up_to=None, packages_up_to_regex=None, parallel_workers=32, paths=None, symlink_install=False, test_result_base=None, verb_extension=<colcon_core.verb.build.BuildVerb object at 0x7f61ece68400>, verb_name='build', verb_parser=<colcon_defaults.argument_parser.defaults.DefaultArgumentsDecorator object at 0x7f61ece68940>)
[0.526s] Level 1:colcon.colcon_core.package_discovery:discover_packages(colcon_meta) check parameters
[0.526s] Level 1:colcon.colcon_core.package_discovery:discover_packages(recursive) check parameters
[0.526s] Level 1:colcon.colcon_core.package_discovery:discover_packages(ignore) check parameters
[0.526s] Level 1:colcon.colcon_core.package_discovery:discover_packages(path) check parameters
[0.526s] Level 1:colcon.colcon_core.package_discovery:discover_packages(colcon_meta) discover
[0.526s] Level 1:colcon.colcon_core.package_discovery:discover_packages(recursive) discover
[0.526s] INFO:colcon.colcon_core.package_discovery:Crawling recursively for packages in '/root/colcon_ws'
[0.526s] Level 1:colcon.colcon_core.package_identification:_identify(.) by extensions ['ignore', 'ignore_ament_install']
[0.527s] Level 1:colcon.colcon_core.package_identification:_identify(.) by extension 'ignore'
[0.527s] Level 1:colcon.colcon_core.package_identification:_identify(.) by extension 'ignore_ament_install'
[0.527s] Level 1:colcon.colcon_core.package_identification:_identify(.) by extensions ['colcon_pkg']
[0.527s] Level 1:colcon.colcon_core.package_identification:_identify(.) by extension 'colcon_pkg'
[0.527s] Level 1:colcon.colcon_core.package_identification:_identify(.) by extensions ['colcon_meta']
[0.527s] Level 1:colcon.colcon_core.package_identification:_identify(.) by extension 'colcon_meta'
[0.527s] Level 1:colcon.colcon_core.package_identification:_identify(.) by extensions ['ros']
[0.527s] Level 1:colcon.colcon_core.package_identification:_identify(.) by extension 'ros'
[0.543s] Level 1:colcon.colcon_core.package_identification:_identify(.) by extensions ['cmake', 'python']
[0.543s] Level 1:colcon.colcon_core.package_identification:_identify(.) by extension 'cmake'
[0.543s] Level 1:colcon.colcon_core.package_identification:_identify(.) by extension 'python'
[0.543s] Level 1:colcon.colcon_core.package_identification:_identify(.) by extensions ['python_setup_py']
[0.543s] Level 1:colcon.colcon_core.package_identification:_identify(.) by extension 'python_setup_py'
[0.543s] Level 1:colcon.colcon_core.package_identification:_identify(build) by extensions ['ignore', 'ignore_ament_install']
[0.543s] Level 1:colcon.colcon_core.package_identification:_identify(build) by extension 'ignore'
[0.543s] Level 1:colcon.colcon_core.package_identification:_identify(build) ignored
[0.543s] Level 1:colcon.colcon_core.package_identification:_identify(install) by extensions ['ignore', 'ignore_ament_install']
[0.543s] Level 1:colcon.colcon_core.package_identification:_identify(install) by extension 'ignore'
[0.543s] Level 1:colcon.colcon_core.package_identification:_identify(install) ignored
[0.544s] Level 1:colcon.colcon_core.package_identification:_identify(log) by extensions ['ignore', 'ignore_ament_install']
[0.544s] Level 1:colcon.colcon_core.package_identification:_identify(log) by extension 'ignore'
[0.544s] Level 1:colcon.colcon_core.package_identification:_identify(log) ignored
[0.544s] Level 1:colcon.colcon_core.package_identification:_identify(src) by extensions ['ignore', 'ignore_ament_install']
[0.544s] Level 1:colcon.colcon_core.package_identification:_identify(src) by extension 'ignore'
[0.544s] Level 1:colcon.colcon_core.package_identification:_identify(src) by extension 'ignore_ament_install'
[0.544s] Level 1:colcon.colcon_core.package_identification:_identify(src) by extensions ['colcon_pkg']
[0.544s] Level 1:colcon.colcon_core.package_identification:_identify(src) by extension 'colcon_pkg'
[0.544s] Level 1:colcon.colcon_core.package_identification:_identify(src) by extensions ['colcon_meta']
[0.544s] Level 1:colcon.colcon_core.package_identification:_identify(src) by extension 'colcon_meta'
[0.544s] Level 1:colcon.colcon_core.package_identification:_identify(src) by extensions ['ros']
[0.544s] Level 1:colcon.colcon_core.package_identification:_identify(src) by extension 'ros'
[0.544s] Level 1:colcon.colcon_core.package_identification:_identify(src) by extensions ['cmake', 'python']
[0.544s] Level 1:colcon.colcon_core.package_identification:_identify(src) by extension 'cmake'
[0.544s] Level 1:colcon.colcon_core.package_identification:_identify(src) by extension 'python'
[0.544s] Level 1:colcon.colcon_core.package_identification:_identify(src) by extensions ['python_setup_py']
[0.544s] Level 1:colcon.colcon_core.package_identification:_identify(src) by extension 'python_setup_py'
[0.544s] Level 1:colcon.colcon_core.package_identification:_identify(src/diffbot_description) by extensions ['ignore', 'ignore_ament_install']
[0.544s] Level 1:colcon.colcon_core.package_identification:_identify(src/diffbot_description) by extension 'ignore'
[0.544s] Level 1:colcon.colcon_core.package_identification:_identify(src/diffbot_description) by extension 'ignore_ament_install'
[0.544s] Level 1:colcon.colcon_core.package_identification:_identify(src/diffbot_description) by extensions ['colcon_pkg']
[0.544s] Level 1:colcon.colcon_core.package_identification:_identify(src/diffbot_description) by extension 'colcon_pkg'
[0.545s] Level 1:colcon.colcon_core.package_identification:_identify(src/diffbot_description) by extensions ['colcon_meta']
[0.545s] Level 1:colcon.colcon_core.package_identification:_identify(src/diffbot_description) by extension 'colcon_meta'
[0.545s] Level 1:colcon.colcon_core.package_identification:_identify(src/diffbot_description) by extensions ['ros']
[0.545s] Level 1:colcon.colcon_core.package_identification:_identify(src/diffbot_description) by extension 'ros'
[0.547s] DEBUG:colcon.colcon_core.package_identification:Package 'src/diffbot_description' with type 'ros.ament_cmake' and name 'diffbot_description'
[0.547s] Level 1:colcon.colcon_core.package_identification:_identify(src/isaac_diffbot_sim) by extensions ['ignore', 'ignore_ament_install']
[0.547s] Level 1:colcon.colcon_core.package_identification:_identify(src/isaac_diffbot_sim) by extension 'ignore'
[0.547s] Level 1:colcon.colcon_core.package_identification:_identify(src/isaac_diffbot_sim) by extension 'ignore_ament_install'
[0.547s] Level 1:colcon.colcon_core.package_identification:_identify(src/isaac_diffbot_sim) by extensions ['colcon_pkg']
[0.547s] Level 1:colcon.colcon_core.package_identification:_identify(src/isaac_diffbot_sim) by extension 'colcon_pkg'
[0.547s] Level 1:colcon.colcon_core.package_identification:_identify(src/isaac_diffbot_sim) by extensions ['colcon_meta']
[0.547s] Level 1:colcon.colcon_core.package_identification:_identify(src/isaac_diffbot_sim) by extension 'colcon_meta'
[0.547s] Level 1:colcon.colcon_core.package_identification:_identify(src/isaac_diffbot_sim) by extensions ['ros']
[0.547s] Level 1:colcon.colcon_core.package_identification:_identify(src/isaac_diffbot_sim) by extension 'ros'
[0.548s] DEBUG:colcon.colcon_core.package_identification:Package 'src/isaac_diffbot_sim' with type 'ros.ament_cmake' and name 'isaac_diffbot_sim'
[0.548s] Level 1:colcon.colcon_core.package_identification:_identify(src/velocity_pub) by extensions ['ignore', 'ignore_ament_install']
[0.548s] Level 1:colcon.colcon_core.package_identification:_identify(src/velocity_pub) by extension 'ignore'
[0.548s] Level 1:colcon.colcon_core.package_identification:_identify(src/velocity_pub) by extension 'ignore_ament_install'
[0.548s] Level 1:colcon.colcon_core.package_identification:_identify(src/velocity_pub) by extensions ['colcon_pkg']
[0.548s] Level 1:colcon.colcon_core.package_identification:_identify(src/velocity_pub) by extension 'colcon_pkg'
[0.548s] Level 1:colcon.colcon_core.package_identification:_identify(src/velocity_pub) by extensions ['colcon_meta']
[0.548s] Level 1:colcon.colcon_core.package_identification:_identify(src/velocity_pub) by extension 'colcon_meta'
[0.548s] Level 1:colcon.colcon_core.package_identification:_identify(src/velocity_pub) by extensions ['ros']
[0.548s] Level 1:colcon.colcon_core.package_identification:_identify(src/velocity_pub) by extension 'ros'
[0.549s] DEBUG:colcon.colcon_core.package_identification:Package 'src/velocity_pub' with type 'ros.ament_cmake' and name 'velocity_pub'
[0.549s] Level 1:colcon.colcon_core.package_discovery:discover_packages(recursive) using defaults
[0.549s] Level 1:colcon.colcon_core.package_discovery:discover_packages(ignore) discover
[0.549s] Level 1:colcon.colcon_core.package_discovery:discover_packages(ignore) using defaults
[0.549s] Level 1:colcon.colcon_core.package_discovery:discover_packages(path) discover
[0.549s] Level 1:colcon.colcon_core.package_discovery:discover_packages(path) using defaults
[0.595s] Level 5:colcon.colcon_core.verb:set package 'diffbot_description' build argument 'cmake_args' from command line to 'None'
[0.595s] Level 5:colcon.colcon_core.verb:set package 'diffbot_description' build argument 'cmake_target' from command line to 'None'
[0.595s] Level 5:colcon.colcon_core.verb:set package 'diffbot_description' build argument 'cmake_target_skip_unavailable' from command line to 'False'
[0.595s] Level 5:colcon.colcon_core.verb:set package 'diffbot_description' build argument 'cmake_clean_cache' from command line to 'False'
[0.595s] Level 5:colcon.colcon_core.verb:set package 'diffbot_description' build argument 'cmake_clean_first' from command line to 'False'
[0.595s] Level 5:colcon.colcon_core.verb:set package 'diffbot_description' build argument 'cmake_force_configure' from command line to 'False'
[0.595s] Level 5:colcon.colcon_core.verb:set package 'diffbot_description' build argument 'ament_cmake_args' from command line to 'None'
[0.595s] Level 5:colcon.colcon_core.verb:set package 'diffbot_description' build argument 'catkin_cmake_args' from command line to 'None'
[0.595s] Level 5:colcon.colcon_core.verb:set package 'diffbot_description' build argument 'catkin_skip_building_tests' from command line to 'False'
[0.596s] DEBUG:colcon.colcon_core.verb:Building package 'diffbot_description' with the following arguments: {'ament_cmake_args': None, 'build_base': '/root/colcon_ws/build/diffbot_description', 'catkin_cmake_args': None, 'catkin_skip_building_tests': False, 'cmake_args': None, 'cmake_clean_cache': False, 'cmake_clean_first': False, 'cmake_force_configure': False, 'cmake_target': None, 'cmake_target_skip_unavailable': False, 'install_base': '/root/colcon_ws/install/diffbot_description', 'merge_install': False, 'path': '/root/colcon_ws/src/diffbot_description', 'symlink_install': False, 'test_result_base': None}
[0.598s] Level 5:colcon.colcon_core.verb:set package 'isaac_diffbot_sim' build argument 'cmake_args' from command line to 'None'
[0.598s] Level 5:colcon.colcon_core.verb:set package 'isaac_diffbot_sim' build argument 'cmake_target' from command line to 'None'
[0.598s] Level 5:colcon.colcon_core.verb:set package 'isaac_diffbot_sim' build argument 'cmake_target_skip_unavailable' from command line to 'False'
[0.598s] Level 5:colcon.colcon_core.verb:set package 'isaac_diffbot_sim' build argument 'cmake_clean_cache' from command line to 'False'
[0.598s] Level 5:colcon.colcon_core.verb:set package 'isaac_diffbot_sim' build argument 'cmake_clean_first' from command line to 'False'
[0.598s] Level 5:colcon.colcon_core.verb:set package 'isaac_diffbot_sim' build argument 'cmake_force_configure' from command line to 'False'
[0.598s] Level 5:colcon.colcon_core.verb:set package 'isaac_diffbot_sim' build argument 'ament_cmake_args' from command line to 'None'
[0.598s] Level 5:colcon.colcon_core.verb:set package 'isaac_diffbot_sim' build argument 'catkin_cmake_args' from command line to 'None'
[0.598s] Level 5:colcon.colcon_core.verb:set package 'isaac_diffbot_sim' build argument 'catkin_skip_building_tests' from command line to 'False'
[0.598s] DEBUG:colcon.colcon_core.verb:Building package 'isaac_diffbot_sim' with the following arguments: {'ament_cmake_args': None, 'build_base': '/root/colcon_ws/build/isaac_diffbot_sim', 'catkin_cmake_args': None, 'catkin_skip_building_tests': False, 'cmake_args': None, 'cmake_clean_cache': False, 'cmake_clean_first': False, 'cmake_force_configure': False, 'cmake_target': None, 'cmake_target_skip_unavailable': False, 'install_base': '/root/colcon_ws/install/isaac_diffbot_sim', 'merge_install': False, 'path': '/root/colcon_ws/src/isaac_diffbot_sim', 'symlink_install': False, 'test_result_base': None}
[0.600s] Level 5:colcon.colcon_core.verb:set package 'velocity_pub' build argument 'cmake_args' from command line to 'None'
[0.600s] Level 5:colcon.colcon_core.verb:set package 'velocity_pub' build argument 'cmake_target' from command line to 'None'
[0.600s] Level 5:colcon.colcon_core.verb:set package 'velocity_pub' build argument 'cmake_target_skip_unavailable' from command line to 'False'
[0.600s] Level 5:colcon.colcon_core.verb:set package 'velocity_pub' build argument 'cmake_clean_cache' from command line to 'False'
[0.600s] Level 5:colcon.colcon_core.verb:set package 'velocity_pub' build argument 'cmake_clean_first' from command line to 'False'
[0.600s] Level 5:colcon.colcon_core.verb:set package 'velocity_pub' build argument 'cmake_force_configure' from command line to 'False'
[0.600s] Level 5:colcon.colcon_core.verb:set package 'velocity_pub' build argument 'ament_cmake_args' from command line to 'None'
[0.600s] Level 5:colcon.colcon_core.verb:set package 'velocity_pub' build argument 'catkin_cmake_args' from command line to 'None'
[0.600s] Level 5:colcon.colcon_core.verb:set package 'velocity_pub' build argument 'catkin_skip_building_tests' from command line to 'False'
[0.601s] DEBUG:colcon.colcon_core.verb:Building package 'velocity_pub' with the following arguments: {'ament_cmake_args': None, 'build_base': '/root/colcon_ws/build/velocity_pub', 'catkin_cmake_args': None, 'catkin_skip_building_tests': False, 'cmake_args': None, 'cmake_clean_cache': False, 'cmake_clean_first': False, 'cmake_force_configure': False, 'cmake_target': None, 'cmake_target_skip_unavailable': False, 'install_base': '/root/colcon_ws/install/velocity_pub', 'merge_install': False, 'path': '/root/colcon_ws/src/velocity_pub', 'symlink_install': False, 'test_result_base': None}
[0.602s] INFO:colcon.colcon_core.executor:Executing jobs using 'parallel' executor
[0.613s] DEBUG:colcon.colcon_parallel_executor.executor.parallel:run_until_complete
[0.613s] INFO:colcon.colcon_ros.task.ament_cmake.build:Building ROS package in '/root/colcon_ws/src/diffbot_description' with build type 'ament_cmake'
[0.613s] INFO:colcon.colcon_cmake.task.cmake.build:Building CMake package in '/root/colcon_ws/src/diffbot_description'
[0.624s] INFO:colcon.colcon_core.plugin_system:Skipping extension 'colcon_core.shell.bat': Not used on non-Windows systems
[0.624s] INFO:colcon.colcon_core.shell:Skip shell extension 'powershell' for command environment: Not usable outside of PowerShell
[0.624s] DEBUG:colcon.colcon_core.shell:Skip shell extension 'dsv' for command environment
[0.647s] INFO:colcon.colcon_ros.task.ament_cmake.build:Building ROS package in '/root/colcon_ws/src/isaac_diffbot_sim' with build type 'ament_cmake'
[0.648s] INFO:colcon.colcon_cmake.task.cmake.build:Building CMake package in '/root/colcon_ws/src/isaac_diffbot_sim'
[0.652s] INFO:colcon.colcon_core.shell:Skip shell extension 'powershell' for command environment: Not usable outside of PowerShell
[0.652s] DEBUG:colcon.colcon_core.shell:Skip shell extension 'dsv' for command environment
[0.674s] INFO:colcon.colcon_ros.task.ament_cmake.build:Building ROS package in '/root/colcon_ws/src/velocity_pub' with build type 'ament_cmake'
[0.674s] INFO:colcon.colcon_cmake.task.cmake.build:Building CMake package in '/root/colcon_ws/src/velocity_pub'
[0.678s] INFO:colcon.colcon_core.shell:Skip shell extension 'powershell' for command environment: Not usable outside of PowerShell
[0.678s] DEBUG:colcon.colcon_core.shell:Skip shell extension 'dsv' for command environment
[0.707s] DEBUG:colcon.colcon_core.event_handler.log_command:Invoking command in '/root/colcon_ws/build/diffbot_description': CMAKE_PREFIX_PATH=${CMAKE_PREFIX_PATH}:/root/ros2_humble/install/rqt_bag_plugins:/root/ros2_humble/install/rqt_bag:/root/ros2_humble/install/ros2bag:/root/ros2_humble/install/tracetools_test:/root/ros2_humble/install/tracetools_launch:/root/ros2_humble/install/topic_monitor:/root/ros2_humble/install/tf2_tools:/root/ros2_humble/install/examples_tf2_py:/root/ros2_humble/install/tf2_ros_py:/root/ros2_humble/install/sros2:/root/ros2_humble/install/rqt_topic:/root/ros2_humble/install/rqt_srv:/root/ros2_humble/install/rqt_shell:/root/ros2_humble/install/rqt_service_caller:/root/ros2_humble/install/rqt_reconfigure:/root/ros2_humble/install/rqt_py_console:/root/ros2_humble/install/rqt_publisher:/root/ros2_humble/install/rqt_plot:/root/ros2_humble/install/rqt_action:/root/ros2_humble/install/rqt_msg:/root/ros2_humble/install/rqt_console:/root/ros2_humble/install/rqt:/root/ros2_humble/install/rqt_graph:/root/ros2_humble/install/rqt_gui_py:/root/ros2_humble/install/rqt_gui:/root/ros2_humble/install/ros2trace:/root/ros2_humble/install/ros2topic:/root/ros2_humble/install/ros2test:/root/ros2_humble/install/ros2component:/root/ros2_humble/install/ros2param:/root/ros2_humble/install/ros2lifecycle:/root/ros2_humble/install/ros2service:/root/ros2_humble/install/ros2run:/root/ros2_humble/install/ros2launch:/root/ros2_humble/install/ros2pkg:/root/ros2_humble/install/ros2node:/root/ros2_humble/install/ros2multicast:/root/ros2_humble/install/ros2interface:/root/ros2_humble/install/ros2doctor:/root/ros2_humble/install/ros2action:/root/ros2_humble/install/ros2cli:/root/ros2_humble/install/quality_of_service_demo_py:/root/ros2_humble/install/lifecycle_py:/root/ros2_humble/install/launch_testing_ros:/root/ros2_humble/install/launch_ros:/root/ros2_humble/install/examples_rclpy_pointcloud_publisher:/root/ros2_humble/install/examples_rclpy_minimal_subscriber:/root/ros2_humble/install/examples_rclpy_minimal_service:/root/ros2_humble/install/examples_rclpy_minimal_publisher:/root/ros2_humble/install/examples_rclpy_minimal_client:/root/ros2_humble/install/examples_rclpy_minimal_action_server:/root/ros2_humble/install/examples_rclpy_minimal_action_client:/root/ros2_humble/install/examples_rclpy_guard_conditions:/root/ros2_humble/install/examples_rclpy_executors:/root/ros2_humble/install/demo_nodes_py:/root/ros2_humble/install/action_tutorials_py:/root/ros2_humble/install/ament_uncrustify:/root/ros2_humble/install/tracetools_trace:/root/ros2_humble/install/tracetools_read:/root/ros2_humble/install/test_tracetools_launch:/root/ros2_humble/install/test_launch_ros:/root/ros2_humble/install/sensor_msgs_py:/root/ros2_humble/install/rpyutils:/root/ros2_humble/install/rosidl_runtime_py:/root/ros2_humble/install/rosidl_cli:/root/ros2_humble/install/launch_pytest:/root/ros2_humble/install/launch_testing:/root/ros2_humble/install/launch_yaml:/root/ros2_humble/install/launch_xml:/root/ros2_humble/install/launch:/root/ros2_humble/install/osrf_pycommon:/root/ros2_humble/install/launch_testing_examples:/root/ros2_humble/install/domain_coordinator:/root/ros2_humble/install/ament_xmllint:/root/ros2_humble/install/ament_pyflakes:/root/ros2_humble/install/ament_pycodestyle:/root/ros2_humble/install/ament_pep257:/root/ros2_humble/install/ament_pclint:/root/ros2_humble/install/ament_package:/root/ros2_humble/install/ament_mypy:/root/ros2_humble/install/ament_lint_cmake:/root/ros2_humble/install/ament_flake8:/root/ros2_humble/install/ament_copyright:/root/ros2_humble/install/ament_lint:/root/ros2_humble/install/ament_index_python:/root/ros2_humble/install/ament_cpplint:/root/ros2_humble/install/ament_cppcheck:/root/ros2_humble/install/ament_clang_tidy:/root/ros2_humble/install/ament_clang_format /usr/bin/cmake /root/colcon_ws/src/diffbot_description -DCMAKE_INSTALL_PREFIX=/root/colcon_ws/install/diffbot_description
[0.719s] DEBUG:colcon.colcon_core.event_handler.log_command:Invoking command in '/root/colcon_ws/build/isaac_diffbot_sim': CMAKE_PREFIX_PATH=${CMAKE_PREFIX_PATH}:/root/ros2_humble/install/rqt_bag_plugins:/root/ros2_humble/install/rqt_bag:/root/ros2_humble/install/ros2bag:/root/ros2_humble/install/tracetools_test:/root/ros2_humble/install/tracetools_launch:/root/ros2_humble/install/topic_monitor:/root/ros2_humble/install/tf2_tools:/root/ros2_humble/install/examples_tf2_py:/root/ros2_humble/install/tf2_ros_py:/root/ros2_humble/install/sros2:/root/ros2_humble/install/rqt_topic:/root/ros2_humble/install/rqt_srv:/root/ros2_humble/install/rqt_shell:/root/ros2_humble/install/rqt_service_caller:/root/ros2_humble/install/rqt_reconfigure:/root/ros2_humble/install/rqt_py_console:/root/ros2_humble/install/rqt_publisher:/root/ros2_humble/install/rqt_plot:/root/ros2_humble/install/rqt_action:/root/ros2_humble/install/rqt_msg:/root/ros2_humble/install/rqt_console:/root/ros2_humble/install/rqt:/root/ros2_humble/install/rqt_graph:/root/ros2_humble/install/rqt_gui_py:/root/ros2_humble/install/rqt_gui:/root/ros2_humble/install/ros2trace:/root/ros2_humble/install/ros2topic:/root/ros2_humble/install/ros2test:/root/ros2_humble/install/ros2component:/root/ros2_humble/install/ros2param:/root/ros2_humble/install/ros2lifecycle:/root/ros2_humble/install/ros2service:/root/ros2_humble/install/ros2run:/root/ros2_humble/install/ros2launch:/root/ros2_humble/install/ros2pkg:/root/ros2_humble/install/ros2node:/root/ros2_humble/install/ros2multicast:/root/ros2_humble/install/ros2interface:/root/ros2_humble/install/ros2doctor:/root/ros2_humble/install/ros2action:/root/ros2_humble/install/ros2cli:/root/ros2_humble/install/quality_of_service_demo_py:/root/ros2_humble/install/lifecycle_py:/root/ros2_humble/install/launch_testing_ros:/root/ros2_humble/install/launch_ros:/root/ros2_humble/install/examples_rclpy_pointcloud_publisher:/root/ros2_humble/install/examples_rclpy_minimal_subscriber:/root/ros2_humble/install/examples_rclpy_minimal_service:/root/ros2_humble/install/examples_rclpy_minimal_publisher:/root/ros2_humble/install/examples_rclpy_minimal_client:/root/ros2_humble/install/examples_rclpy_minimal_action_server:/root/ros2_humble/install/examples_rclpy_minimal_action_client:/root/ros2_humble/install/examples_rclpy_guard_conditions:/root/ros2_humble/install/examples_rclpy_executors:/root/ros2_humble/install/demo_nodes_py:/root/ros2_humble/install/action_tutorials_py:/root/ros2_humble/install/ament_uncrustify:/root/ros2_humble/install/tracetools_trace:/root/ros2_humble/install/tracetools_read:/root/ros2_humble/install/test_tracetools_launch:/root/ros2_humble/install/test_launch_ros:/root/ros2_humble/install/sensor_msgs_py:/root/ros2_humble/install/rpyutils:/root/ros2_humble/install/rosidl_runtime_py:/root/ros2_humble/install/rosidl_cli:/root/ros2_humble/install/launch_pytest:/root/ros2_humble/install/launch_testing:/root/ros2_humble/install/launch_yaml:/root/ros2_humble/install/launch_xml:/root/ros2_humble/install/launch:/root/ros2_humble/install/osrf_pycommon:/root/ros2_humble/install/launch_testing_examples:/root/ros2_humble/install/domain_coordinator:/root/ros2_humble/install/ament_xmllint:/root/ros2_humble/install/ament_pyflakes:/root/ros2_humble/install/ament_pycodestyle:/root/ros2_humble/install/ament_pep257:/root/ros2_humble/install/ament_pclint:/root/ros2_humble/install/ament_package:/root/ros2_humble/install/ament_mypy:/root/ros2_humble/install/ament_lint_cmake:/root/ros2_humble/install/ament_flake8:/root/ros2_humble/install/ament_copyright:/root/ros2_humble/install/ament_lint:/root/ros2_humble/install/ament_index_python:/root/ros2_humble/install/ament_cpplint:/root/ros2_humble/install/ament_cppcheck:/root/ros2_humble/install/ament_clang_tidy:/root/ros2_humble/install/ament_clang_format /usr/bin/cmake /root/colcon_ws/src/isaac_diffbot_sim -DCMAKE_INSTALL_PREFIX=/root/colcon_ws/install/isaac_diffbot_sim
[0.725s] DEBUG:colcon.colcon_core.event_handler.log_command:Invoking command in '/root/colcon_ws/build/velocity_pub': CMAKE_PREFIX_PATH=${CMAKE_PREFIX_PATH}:/root/ros2_humble/install/rqt_bag_plugins:/root/ros2_humble/install/rqt_bag:/root/ros2_humble/install/ros2bag:/root/ros2_humble/install/tracetools_test:/root/ros2_humble/install/tracetools_launch:/root/ros2_humble/install/topic_monitor:/root/ros2_humble/install/tf2_tools:/root/ros2_humble/install/examples_tf2_py:/root/ros2_humble/install/tf2_ros_py:/root/ros2_humble/install/sros2:/root/ros2_humble/install/rqt_topic:/root/ros2_humble/install/rqt_srv:/root/ros2_humble/install/rqt_shell:/root/ros2_humble/install/rqt_service_caller:/root/ros2_humble/install/rqt_reconfigure:/root/ros2_humble/install/rqt_py_console:/root/ros2_humble/install/rqt_publisher:/root/ros2_humble/install/rqt_plot:/root/ros2_humble/install/rqt_action:/root/ros2_humble/install/rqt_msg:/root/ros2_humble/install/rqt_console:/root/ros2_humble/install/rqt:/root/ros2_humble/install/rqt_graph:/root/ros2_humble/install/rqt_gui_py:/root/ros2_humble/install/rqt_gui:/root/ros2_humble/install/ros2trace:/root/ros2_humble/install/ros2topic:/root/ros2_humble/install/ros2test:/root/ros2_humble/install/ros2component:/root/ros2_humble/install/ros2param:/root/ros2_humble/install/ros2lifecycle:/root/ros2_humble/install/ros2service:/root/ros2_humble/install/ros2run:/root/ros2_humble/install/ros2launch:/root/ros2_humble/install/ros2pkg:/root/ros2_humble/install/ros2node:/root/ros2_humble/install/ros2multicast:/root/ros2_humble/install/ros2interface:/root/ros2_humble/install/ros2doctor:/root/ros2_humble/install/ros2action:/root/ros2_humble/install/ros2cli:/root/ros2_humble/install/quality_of_service_demo_py:/root/ros2_humble/install/lifecycle_py:/root/ros2_humble/install/launch_testing_ros:/root/ros2_humble/install/launch_ros:/root/ros2_humble/install/examples_rclpy_pointcloud_publisher:/root/ros2_humble/install/examples_rclpy_minimal_subscriber:/root/ros2_humble/install/examples_rclpy_minimal_service:/root/ros2_humble/install/examples_rclpy_minimal_publisher:/root/ros2_humble/install/examples_rclpy_minimal_client:/root/ros2_humble/install/examples_rclpy_minimal_action_server:/root/ros2_humble/install/examples_rclpy_minimal_action_client:/root/ros2_humble/install/examples_rclpy_guard_conditions:/root/ros2_humble/install/examples_rclpy_executors:/root/ros2_humble/install/demo_nodes_py:/root/ros2_humble/install/action_tutorials_py:/root/ros2_humble/install/ament_uncrustify:/root/ros2_humble/install/tracetools_trace:/root/ros2_humble/install/tracetools_read:/root/ros2_humble/install/test_tracetools_launch:/root/ros2_humble/install/test_launch_ros:/root/ros2_humble/install/sensor_msgs_py:/root/ros2_humble/install/rpyutils:/root/ros2_humble/install/rosidl_runtime_py:/root/ros2_humble/install/rosidl_cli:/root/ros2_humble/install/launch_pytest:/root/ros2_humble/install/launch_testing:/root/ros2_humble/install/launch_yaml:/root/ros2_humble/install/launch_xml:/root/ros2_humble/install/launch:/root/ros2_humble/install/osrf_pycommon:/root/ros2_humble/install/launch_testing_examples:/root/ros2_humble/install/domain_coordinator:/root/ros2_humble/install/ament_xmllint:/root/ros2_humble/install/ament_pyflakes:/root/ros2_humble/install/ament_pycodestyle:/root/ros2_humble/install/ament_pep257:/root/ros2_humble/install/ament_pclint:/root/ros2_humble/install/ament_package:/root/ros2_humble/install/ament_mypy:/root/ros2_humble/install/ament_lint_cmake:/root/ros2_humble/install/ament_flake8:/root/ros2_humble/install/ament_copyright:/root/ros2_humble/install/ament_lint:/root/ros2_humble/install/ament_index_python:/root/ros2_humble/install/ament_cpplint:/root/ros2_humble/install/ament_cppcheck:/root/ros2_humble/install/ament_clang_tidy:/root/ros2_humble/install/ament_clang_format /usr/bin/cmake /root/colcon_ws/src/velocity_pub -DCMAKE_INSTALL_PREFIX=/root/colcon_ws/install/velocity_pub
[5.143s] DEBUG:colcon.colcon_core.event_handler.log_command:Invoked command in '/root/colcon_ws/build/isaac_diffbot_sim' returned '1': CMAKE_PREFIX_PATH=${CMAKE_PREFIX_PATH}:/root/ros2_humble/install/rqt_bag_plugins:/root/ros2_humble/install/rqt_bag:/root/ros2_humble/install/ros2bag:/root/ros2_humble/install/tracetools_test:/root/ros2_humble/install/tracetools_launch:/root/ros2_humble/install/topic_monitor:/root/ros2_humble/install/tf2_tools:/root/ros2_humble/install/examples_tf2_py:/root/ros2_humble/install/tf2_ros_py:/root/ros2_humble/install/sros2:/root/ros2_humble/install/rqt_topic:/root/ros2_humble/install/rqt_srv:/root/ros2_humble/install/rqt_shell:/root/ros2_humble/install/rqt_service_caller:/root/ros2_humble/install/rqt_reconfigure:/root/ros2_humble/install/rqt_py_console:/root/ros2_humble/install/rqt_publisher:/root/ros2_humble/install/rqt_plot:/root/ros2_humble/install/rqt_action:/root/ros2_humble/install/rqt_msg:/root/ros2_humble/install/rqt_console:/root/ros2_humble/install/rqt:/root/ros2_humble/install/rqt_graph:/root/ros2_humble/install/rqt_gui_py:/root/ros2_humble/install/rqt_gui:/root/ros2_humble/install/ros2trace:/root/ros2_humble/install/ros2topic:/root/ros2_humble/install/ros2test:/root/ros2_humble/install/ros2component:/root/ros2_humble/install/ros2param:/root/ros2_humble/install/ros2lifecycle:/root/ros2_humble/install/ros2service:/root/ros2_humble/install/ros2run:/root/ros2_humble/install/ros2launch:/root/ros2_humble/install/ros2pkg:/root/ros2_humble/install/ros2node:/root/ros2_humble/install/ros2multicast:/root/ros2_humble/install/ros2interface:/root/ros2_humble/install/ros2doctor:/root/ros2_humble/install/ros2action:/root/ros2_humble/install/ros2cli:/root/ros2_humble/install/quality_of_service_demo_py:/root/ros2_humble/install/lifecycle_py:/root/ros2_humble/install/launch_testing_ros:/root/ros2_humble/install/launch_ros:/root/ros2_humble/install/examples_rclpy_pointcloud_publisher:/root/ros2_humble/install/examples_rclpy_minimal_subscriber:/root/ros2_humble/install/examples_rclpy_minimal_service:/root/ros2_humble/install/examples_rclpy_minimal_publisher:/root/ros2_humble/install/examples_rclpy_minimal_client:/root/ros2_humble/install/examples_rclpy_minimal_action_server:/root/ros2_humble/install/examples_rclpy_minimal_action_client:/root/ros2_humble/install/examples_rclpy_guard_conditions:/root/ros2_humble/install/examples_rclpy_executors:/root/ros2_humble/install/demo_nodes_py:/root/ros2_humble/install/action_tutorials_py:/root/ros2_humble/install/ament_uncrustify:/root/ros2_humble/install/tracetools_trace:/root/ros2_humble/install/tracetools_read:/root/ros2_humble/install/test_tracetools_launch:/root/ros2_humble/install/test_launch_ros:/root/ros2_humble/install/sensor_msgs_py:/root/ros2_humble/install/rpyutils:/root/ros2_humble/install/rosidl_runtime_py:/root/ros2_humble/install/rosidl_cli:/root/ros2_humble/install/launch_pytest:/root/ros2_humble/install/launch_testing:/root/ros2_humble/install/launch_yaml:/root/ros2_humble/install/launch_xml:/root/ros2_humble/install/launch:/root/ros2_humble/install/osrf_pycommon:/root/ros2_humble/install/launch_testing_examples:/root/ros2_humble/install/domain_coordinator:/root/ros2_humble/install/ament_xmllint:/root/ros2_humble/install/ament_pyflakes:/root/ros2_humble/install/ament_pycodestyle:/root/ros2_humble/install/ament_pep257:/root/ros2_humble/install/ament_pclint:/root/ros2_humble/install/ament_package:/root/ros2_humble/install/ament_mypy:/root/ros2_humble/install/ament_lint_cmake:/root/ros2_humble/install/ament_flake8:/root/ros2_humble/install/ament_copyright:/root/ros2_humble/install/ament_lint:/root/ros2_humble/install/ament_index_python:/root/ros2_humble/install/ament_cpplint:/root/ros2_humble/install/ament_cppcheck:/root/ros2_humble/install/ament_clang_tidy:/root/ros2_humble/install/ament_clang_format /usr/bin/cmake /root/colcon_ws/src/isaac_diffbot_sim -DCMAKE_INSTALL_PREFIX=/root/colcon_ws/install/isaac_diffbot_sim
[5.167s] Level 1:colcon.colcon_core.environment:create_environment_scripts_only(isaac_diffbot_sim)
[5.187s] Level 1:colcon.colcon_core.environment:checking '/root/colcon_ws/install/isaac_diffbot_sim' for CMake module files
[5.187s] Level 1:colcon.colcon_core.environment:checking '/root/colcon_ws/install/isaac_diffbot_sim' for CMake config files
[5.187s] Level 1:colcon.colcon_core.environment:checking '/root/colcon_ws/install/isaac_diffbot_sim/bin'
[5.187s] Level 1:colcon.colcon_core.environment:checking '/root/colcon_ws/install/isaac_diffbot_sim/lib/pkgconfig/isaac_diffbot_sim.pc'
[5.190s] Level 1:colcon.colcon_core.environment:checking '/root/colcon_ws/install/isaac_diffbot_sim/lib/python3.8/site-packages'
[5.191s] Level 1:colcon.colcon_core.environment:checking '/root/colcon_ws/install/isaac_diffbot_sim/bin'
[5.195s] INFO:colcon.colcon_core.shell:Creating package script '/root/colcon_ws/install/isaac_diffbot_sim/share/isaac_diffbot_sim/package.ps1'
[5.196s] INFO:colcon.colcon_core.shell:Creating package descriptor '/root/colcon_ws/install/isaac_diffbot_sim/share/isaac_diffbot_sim/package.dsv'
[5.196s] INFO:colcon.colcon_core.shell:Creating package script '/root/colcon_ws/install/isaac_diffbot_sim/share/isaac_diffbot_sim/package.sh'
[5.197s] INFO:colcon.colcon_core.shell:Creating package script '/root/colcon_ws/install/isaac_diffbot_sim/share/isaac_diffbot_sim/package.bash'
[5.197s] INFO:colcon.colcon_core.shell:Creating package script '/root/colcon_ws/install/isaac_diffbot_sim/share/isaac_diffbot_sim/package.zsh'
[5.198s] Level 1:colcon.colcon_core.environment:create_file_with_runtime_dependencies(/root/colcon_ws/install/isaac_diffbot_sim/share/colcon-core/packages/isaac_diffbot_sim)
[7.485s] DEBUG:colcon.colcon_parallel_executor.executor.parallel:closing loop
[7.485s] DEBUG:colcon.colcon_parallel_executor.executor.parallel:loop closed
[7.485s] DEBUG:colcon.colcon_parallel_executor.executor.parallel:run_until_complete finished with '1'
[7.485s] DEBUG:colcon.colcon_core.event_reactor:joining thread
[7.501s] INFO:colcon.colcon_core.plugin_system:Skipping extension 'colcon_notification.desktop_notification.notify_send': Could not find 'notify-send'
[7.501s] INFO:colcon.colcon_core.plugin_system:Skipping extension 'colcon_notification.desktop_notification.terminal_notifier': Not used on non-Darwin systems
[7.501s] INFO:colcon.colcon_core.plugin_system:Skipping extension 'colcon_notification.desktop_notification.win32': Not used on non-Windows systems
[7.501s] INFO:colcon.colcon_notification.desktop_notification:Sending desktop notification using 'notify2'
[7.538s] DEBUG:colcon.colcon_notification.desktop_notification.notify2:Failed to initialize notify2: org.freedesktop.DBus.Error.ServiceUnknown: The name org.freedesktop.Notifications was not provided by any .service files
[7.539s] DEBUG:colcon.colcon_core.event_reactor:joined thread
[7.548s] INFO:colcon.colcon_core.shell:Creating prefix script '/root/colcon_ws/install/local_setup.ps1'
[7.548s] INFO:colcon.colcon_core.shell:Creating prefix util module '/root/colcon_ws/install/_local_setup_util_ps1.py'
[7.550s] INFO:colcon.colcon_core.shell:Creating prefix chain script '/root/colcon_ws/install/setup.ps1'
[7.560s] INFO:colcon.colcon_core.shell:Creating prefix script '/root/colcon_ws/install/local_setup.sh'
[7.560s] INFO:colcon.colcon_core.shell:Creating prefix util module '/root/colcon_ws/install/_local_setup_util_sh.py'
[7.561s] INFO:colcon.colcon_core.shell:Creating prefix chain script '/root/colcon_ws/install/setup.sh'
[7.570s] INFO:colcon.colcon_core.shell:Creating prefix script '/root/colcon_ws/install/local_setup.bash'
[7.571s] INFO:colcon.colcon_core.shell:Creating prefix chain script '/root/colcon_ws/install/setup.bash'
[7.580s] INFO:colcon.colcon_core.shell:Creating prefix script '/root/colcon_ws/install/local_setup.zsh'
[7.581s] INFO:colcon.colcon_core.shell:Creating prefix chain script '/root/colcon_ws/install/setup.zsh'
