[35m[1mScanning dependencies of target velocity_pub[0m
[ 50%] [32mBuilding CXX object CMakeFiles/velocity_pub.dir/src/velocity_pub.cpp.o[0m
[100%] [32m[1mLinking CXX executable velocity_pub[0m
[100%] Built target velocity_pub
-- Install configuration: ""
-- Installing: /root/colcon_ws/install/velocity_pub/lib/velocity_pub/velocity_pub
-- Set runtime path of "/root/colcon_ws/install/velocity_pub/lib/velocity_pub/velocity_pub" to ""
-- Installing: /root/colcon_ws/install/velocity_pub/share/ament_index/resource_index/package_run_dependencies/velocity_pub
-- Installing: /root/colcon_ws/install/velocity_pub/share/ament_index/resource_index/parent_prefix_path/velocity_pub
-- Installing: /root/colcon_ws/install/velocity_pub/share/velocity_pub/environment/ament_prefix_path.sh
-- Installing: /root/colcon_ws/install/velocity_pub/share/velocity_pub/environment/ament_prefix_path.dsv
-- Installing: /root/colcon_ws/install/velocity_pub/share/velocity_pub/environment/path.sh
-- Installing: /root/colcon_ws/install/velocity_pub/share/velocity_pub/environment/path.dsv
-- Installing: /root/colcon_ws/install/velocity_pub/share/velocity_pub/local_setup.bash
-- Installing: /root/colcon_ws/install/velocity_pub/share/velocity_pub/local_setup.sh
-- Installing: /root/colcon_ws/install/velocity_pub/share/velocity_pub/local_setup.zsh
-- Installing: /root/colcon_ws/install/velocity_pub/share/velocity_pub/local_setup.dsv
-- Installing: /root/colcon_ws/install/velocity_pub/share/velocity_pub/package.dsv
-- Installing: /root/colcon_ws/install/velocity_pub/share/ament_index/resource_index/packages/velocity_pub
-- Installing: /root/colcon_ws/install/velocity_pub/share/velocity_pub/cmake/velocity_pubConfig.cmake
-- Installing: /root/colcon_ws/install/velocity_pub/share/velocity_pub/cmake/velocity_pubConfig-version.cmake
-- Installing: /root/colcon_ws/install/velocity_pub/share/velocity_pub/package.xml
